<?xml version="1.0" encoding="UTF-8"?>
<!DOCTYPE mapper PUBLIC "-//mybatis.org//DTD Mapper 3.0//EN" "http://mybatis.org/dtd/mybatis-3-mapper.dtd" >
<mapper namespace="edu.kh.demo.mapper.TestMapper">
	
	<!-- 
		<select> 태그에서 공통적으로 사용할 수 있는 속성
		
		- parameterTyme : 전달 받은 값의 자료형
		
		- ResultType : 조회된 결과 행의 자료형
		
		(중요!)
		자료형 작성 시 
		- 기본 자료형 : mybatis제공 별칭으로 작성
		
		- 참조형(클래스) : mybatis제공 별칭
						또는 패키지명 + 클래스명
						또는 사용자 지정 별칭
	 -->
	 
	 <!-- 
	 	** <insert>, <update>, <delete> 태그에서 사용할 수 있는 속성
	 	
	 	- parameterType : 전달 받은 값의 자료형
	 	- resultType 없음 (무조건 int 타입)
	  -->
	
	<!-- 사용자 이름 조회 -->
	<select id="selectUserName" parameterType="_int" resultType="string">
		SELECT USER_NAME FROM TB_USER WHERE USER_NO = #{userNo}
	</select>

	<!-- 마이바티스는 조회된 컬럼명과
	     결과를 담으려는 DTO 필드명이 같을 경우
	     자동으로 값을 담아줄 수 있다
	     
		 bybatis-config.xml에 작성된
		 mapUnderscoreCamelCase 때문에 가능해짐     
 	-->
	<!-- 사용자 전체 조회 -->
	<select id="selectAll" resultType="edu.kh.demo.dto.UserDto">
		SELECT 
			USER_NO,
			USER_ID,
			USER_PW,
			USER_NAME,
			TO_CHAR(ENROLL_DATE, 'YYYY"년" MM"월" DD"일"') 
				ENROLL_DATE
		FROM TB_USER
		ORDER BY USER_NO ASC
	</select>
		
	<select id="selectUser" parameterType="_int" resultType="edu.kh.demo.dto.UserDto">
		SELECT 
			USER_NO,
			USER_ID,
			USER_PW,
			USER_NAME,
			TO_CHAR(ENROLL_DATE, 'YYYY"년" MM"월" DD"일"') 
				ENROLL_DATE
		FROM TB_USER
		WHERE USER_NO = #{userNo}
	</select>
	
	
	<!-- 전달 받은 파라미터가 DTO 또는 Map인 경우
		sql에 필드명 또는 key값 작성 -->
	<!-- 사용자 정보 수정 -->
	<update id="updateUser" parameterType="UserDto">
		UPDATE TB_USER SET USER_PW = #{userPw}, USER_NAME = #{userName} WHERE USER_NO = #{userNo}
		
	</update>
	
	<delete id="deleteUser" parameterType="_int">
		DELETE
		FROM TB_USER
		WHERE USER_NO = #{userNo}
	</delete>
	
	<insert id="insertUser" parameterType="userDto">
		INSERT INTO TB_USER VALUES(SEQ_USER_NO.NEXTVAL, #{userId}, #{userPw}, #{userName}, DEFAULT)
	</insert>
</mapper>
